<?xml version="1.0" encoding="UTF-8" ?>
<testsuite failures="0" time="0.016" errors="0" skipped="0" tests="8" name="com.liubing.javassist.proxy.test.BoxedProxyFactoryCalledByWrapperTestCase">
  <properties>
    <property name="java.runtime.name" value="Java(TM) SE Runtime Environment"/>
    <property name="sun.boot.library.path" value="E:\jdk\jre\bin"/>
    <property name="java.vm.version" value="23.21-b01"/>
    <property name="java.vm.vendor" value="Oracle Corporation"/>
    <property name="java.vendor.url" value="http://java.oracle.com/"/>
    <property name="path.separator" value=";"/>
    <property name="java.vm.name" value="Java HotSpot(TM) 64-Bit Server VM"/>
    <property name="file.encoding.pkg" value="sun.io"/>
    <property name="user.script" value=""/>
    <property name="user.country" value="CN"/>
    <property name="sun.java.launcher" value="SUN_STANDARD"/>
    <property name="sun.os.patch.level" value="Service Pack 1"/>
    <property name="java.vm.specification.name" value="Java Virtual Machine Specification"/>
    <property name="user.dir" value="F:\Eclipse\workplace\javassist-cfw-proxyfactory-master"/>
    <property name="java.runtime.version" value="1.7.0_21-b11"/>
    <property name="java.awt.graphicsenv" value="sun.awt.Win32GraphicsEnvironment"/>
    <property name="basedir" value="F:\Eclipse\workplace\javassist-cfw-proxyfactory-master"/>
    <property name="java.endorsed.dirs" value="E:\jdk\jre\lib\endorsed"/>
    <property name="os.arch" value="amd64"/>
    <property name="surefire.real.class.path" value="C:\Users\ADMINI~1\AppData\Local\Temp\surefirebooter4138494189663331894.jar"/>
    <property name="java.io.tmpdir" value="C:\Users\ADMINI~1\AppData\Local\Temp\"/>
    <property name="line.separator" value="
"/>
    <property name="java.vm.specification.vendor" value="Oracle Corporation"/>
    <property name="user.variant" value=""/>
    <property name="os.name" value="Windows 7"/>
    <property name="sun.jnu.encoding" value="GBK"/>
    <property name="java.library.path" value="E:\jdk\jre\bin;C:\Windows\Sun\Java\bin;C:\Windows\system32;C:\Windows;E:/jdk/bin/../jre/bin/server;E:/jdk/bin/../jre/bin;E:/jdk/bin/../jre/lib/amd64;C:\Program Files\Broadcom\Broadcom 802.11 Network Adapter\Driver;;C:\Windows\SYSTEM32;C:\Windows;C:\Windows\SYSTEM32\WBEM;C:\Windows\SYSTEM32\WINDOWSPOWERSHELL\V1.0\;;C:\PROGRAM FILES (X86)\LENOVO\ACCESS CONNECTIONS\;C:\PROGRAM FILES\THINKPAD\BLUETOOTH SOFTWARE\;C:\PROGRAM FILES\THINKPAD\BLUETOOTH SOFTWARE\SYSWOW64;C:\Program Files\MySQL\MySQL Enterprise Backup 3.9.0\;E:\jdk\bin;C:\Program Files (x86)\Intel\OpenCL SDK\2.0\bin\x86;C:\Program Files (x86)\Intel\OpenCL SDK\2.0\bin\x64;D:\办公软件\svn\bin;D:\办公软件\驱动软件\Lenovo Home\;%GRADLE_HOME%\bin\;F:\maven\apache-maven-3.1.1-bin\apache-maven-3.1.1\bin\;E:\工作软件\SSH\SSHSecureShell;D:\办公软件\驱动软件\Lenovo Home\DCMainWin.exe;C:\Program Files\MySQL\MySQL Server 5.6\bin;D:\办公软件\ssh;F:\Eclipse\eclipse-jee-juno-SR1-win32-x86_64\eclipse;;."/>
    <property name="surefire.test.class.path" value="F:\Eclipse\workplace\javassist-cfw-proxyfactory-master\target\test-classes;F:\Eclipse\workplace\javassist-cfw-proxyfactory-master\target\classes;C:\Users\Administrator\.m2\repository\org\javassist\javassist\3.13.0-GA\javassist-3.13.0-GA.jar;C:\Users\Administrator\.m2\repository\junit\junit\4.6\junit-4.6.jar;"/>
    <property name="java.specification.name" value="Java Platform API Specification"/>
    <property name="java.class.version" value="51.0"/>
    <property name="sun.management.compiler" value="HotSpot 64-Bit Tiered Compilers"/>
    <property name="os.version" value="6.1"/>
    <property name="user.home" value="C:\Users\Administrator"/>
    <property name="user.timezone" value=""/>
    <property name="java.awt.printerjob" value="sun.awt.windows.WPrinterJob"/>
    <property name="java.specification.version" value="1.7"/>
    <property name="file.encoding" value="GBK"/>
    <property name="user.name" value="Administrator"/>
    <property name="java.class.path" value="F:\Eclipse\workplace\javassist-cfw-proxyfactory-master\target\test-classes;F:\Eclipse\workplace\javassist-cfw-proxyfactory-master\target\classes;C:\Users\Administrator\.m2\repository\org\javassist\javassist\3.13.0-GA\javassist-3.13.0-GA.jar;C:\Users\Administrator\.m2\repository\junit\junit\4.6\junit-4.6.jar;"/>
    <property name="java.vm.specification.version" value="1.7"/>
    <property name="sun.arch.data.model" value="64"/>
    <property name="java.home" value="E:\jdk\jre"/>
    <property name="sun.java.command" value="C:\Users\ADMINI~1\AppData\Local\Temp\surefirebooter4138494189663331894.jar C:\Users\ADMINI~1\AppData\Local\Temp\surefire3015921415444347646tmp C:\Users\ADMINI~1\AppData\Local\Temp\surefire2547777228384523093tmp"/>
    <property name="java.specification.vendor" value="Oracle Corporation"/>
    <property name="user.language" value="zh"/>
    <property name="awt.toolkit" value="sun.awt.windows.WToolkit"/>
    <property name="java.vm.info" value="mixed mode"/>
    <property name="java.version" value="1.7.0_21"/>
    <property name="java.ext.dirs" value="E:\jdk\jre\lib\ext;C:\Windows\Sun\Java\lib\ext"/>
    <property name="sun.boot.class.path" value="E:\jdk\jre\lib\resources.jar;E:\jdk\jre\lib\rt.jar;E:\jdk\jre\lib\sunrsasign.jar;E:\jdk\jre\lib\jsse.jar;E:\jdk\jre\lib\jce.jar;E:\jdk\jre\lib\charsets.jar;E:\jdk\jre\lib\jfr.jar;E:\jdk\jre\classes"/>
    <property name="java.vendor" value="Oracle Corporation"/>
    <property name="localRepository" value="C:\Users\Administrator\.m2\repository"/>
    <property name="file.separator" value="\"/>
    <property name="java.vendor.url.bug" value="http://bugreport.sun.com/bugreport/"/>
    <property name="sun.cpu.endian" value="little"/>
    <property name="sun.io.unicode.encoding" value="UnicodeLittle"/>
    <property name="sun.desktop" value="windows"/>
    <property name="sun.cpu.isalist" value="amd64"/>
  </properties>
  <testcase time="0" classname="com.liubing.javassist.proxy.test.BoxedProxyFactoryCalledByWrapperTestCase" name="testCharMethod"/>
  <testcase time="0" classname="com.liubing.javassist.proxy.test.BoxedProxyFactoryCalledByWrapperTestCase" name="testByteMethod"/>
  <testcase time="0" classname="com.liubing.javassist.proxy.test.BoxedProxyFactoryCalledByWrapperTestCase" name="testBooleanMethod"/>
  <testcase time="0" classname="com.liubing.javassist.proxy.test.BoxedProxyFactoryCalledByWrapperTestCase" name="testDoubleMethod"/>
  <testcase time="0" classname="com.liubing.javassist.proxy.test.BoxedProxyFactoryCalledByWrapperTestCase" name="testFloatMethod"/>
  <testcase time="0" classname="com.liubing.javassist.proxy.test.BoxedProxyFactoryCalledByWrapperTestCase" name="testIntMethod"/>
  <testcase time="0" classname="com.liubing.javassist.proxy.test.BoxedProxyFactoryCalledByWrapperTestCase" name="testLongMethod"/>
  <testcase time="0" classname="com.liubing.javassist.proxy.test.BoxedProxyFactoryCalledByWrapperTestCase" name="testShortMethod"/>
</testsuite>